<?xml version="1.0" encoding="UTF-8"?>
<!-- Generated by org.testng.reporters.JUnitReportReporter -->
<testsuite hostname="010223HP840G528" failures="0" tests="2" name="com.ep.cucumber.runner.RunnerClass" time="5.560" errors="0" timestamp="2023-11-03T17:56:46 IST" skipped="0">
  <testcase classname="com.ep.cucumber.runner.RunnerClass" name="runScenario" time="1.230"/>
  <system-out/>
  <testcase classname="com.ep.cucumber.runner.RunnerClass" name="runScenario" time="4.330"/>
  <system-out/>
</testsuite> <!-- com.ep.cucumber.runner.RunnerClass -->
